<?xml version="1.0" encoding="UTF-8"?>
<testsuite name="utils.ValidatorTest" tests="1" skipped="0" failures="0" errors="0" timestamp="2021-04-05T08:25:20" hostname="DESKTOP-RLVMNCQ" time="0.121">
  <properties/>
  <testcase name="readFromFile()" classname="utils.ValidatorTest" time="0.121"/>
  <system-out><![CDATA[56.840047999999996; 60.631003500000006
56.84993800000001; 60.62862500000001
56.837734; 60.626592499999994
56.836282499999996; 60.6259685
56.8349865; 60.62890099999999
56.8298795; 60.62623049999999
56.830240499999995; 60.613671499999995
56.83060300000001; 60.620079999999994
56.825495000000004; 60.618397
56.82684; 60.617502500000015
56.823392999999996; 60.617412000000016
56.81791749999999; 60.6457405
56.8108125; 60.628233
56.81867350000001; 60.614641500000005
56.820744000000005; 60.618775
]]></system-out>
  <system-err><![CDATA[]]></system-err>
</testsuite>
